# JRE version: OpenJDK Runtime Environment Temurin-17.0.7+7 (17.0.7+7) (build 17.0.7+7)
# Java VM: OpenJDK 64-Bit Server VM Temurin-17.0.7+7 (17.0.7+7, mixed mode, tiered, compressed oops, compressed class ptrs, parallel gc, windows-amd64)
GC Precious Log:
 CPUs: 12 total, 12 available
 Memory: 8107M
 Large Page Support: Disabled
 NUMA Support: Disabled
 Compressed Oops: Enabled (32-bit)
 Alignments: Space 512K, Generation 512K, Heap 2M
 Heap Min Capacity: 100M
 Heap Initial Capacity: 100M
 Heap Max Capacity: 1G
 Pre-touch: Disabled
 Parallel Workers: 10
Heap:
 PSYoungGen      total 14848K, used 14690K [0x00000000eab00000, 0x00000000ebe80000, 0x0000000100000000)
  eden space 14336K, 99% used [0x00000000eab00000,0x00000000eb8e8b40,0x00000000eb900000)
  from space 512K, 87% used [0x00000000eb900000,0x00000000eb970000,0x00000000eb980000)
  to   space 2048K, 0% used [0x00000000ebc80000,0x00000000ebc80000,0x00000000ebe80000)
 ParOldGen       total 68608K, used 46029K [0x00000000c0000000, 0x00000000c4300000, 0x00000000eab00000)
  object space 68608K, 67% used [0x00000000c0000000,0x00000000c2cf34c8,0x00000000c4300000)
 Metaspace       used 57004K, committed 57920K, reserved 1114112K
  class space    used 6605K, committed 7040K, reserved 1048576K
GC Heap History (20 events):
Event: 6.379 GC heap before
{Heap before GC invocations=20 (full 2):
 PSYoungGen      total 24576K, used 24192K [0x00000000eab00000, 0x00000000ec580000, 0x0000000100000000)
  eden space 22016K, 100% used [0x00000000eab00000,0x00000000ec080000,0x00000000ec080000)
  from space 2560K, 85% used [0x00000000ec080000,0x00000000ec2a0010,0x00000000ec300000)
  to   space 2560K, 0% used [0x00000000ec300000,0x00000000ec300000,0x00000000ec580000)
 ParOldGen       total 68608K, used 23249K [0x00000000c0000000, 0x00000000c4300000, 0x00000000eab00000)
  object space 68608K, 33% used [0x00000000c0000000,0x00000000c16b47e0,0x00000000c4300000)
 Metaspace       used 49588K, committed 50368K, reserved 1114112K
  class space    used 5384K, committed 5760K, reserved 1048576K
}
Event: 6.382 GC heap after
{Heap after GC invocations=20 (full 2):
 PSYoungGen      total 22016K, used 2528K [0x00000000eab00000, 0x00000000eca80000, 0x0000000100000000)
  eden space 19456K, 0% used [0x00000000eab00000,0x00000000eab00000,0x00000000ebe00000)
  from space 2560K, 98% used [0x00000000ec300000,0x00000000ec578010,0x00000000ec580000)
  to   space 5120K, 0% used [0x00000000ebe00000,0x00000000ebe00000,0x00000000ec300000)
 ParOldGen       total 68608K, used 25377K [0x00000000c0000000, 0x00000000c4300000, 0x00000000eab00000)
  object space 68608K, 36% used [0x00000000c0000000,0x00000000c18c86d0,0x00000000c4300000)
 Metaspace       used 49588K, committed 50368K, reserved 1114112K
  class space    used 5384K, committed 5760K, reserved 1048576K
}
Event: 6.425 GC heap before
{Heap before GC invocations=21 (full 2):
 PSYoungGen      total 22016K, used 21984K [0x00000000eab00000, 0x00000000eca80000, 0x0000000100000000)
  eden space 19456K, 100% used [0x00000000eab00000,0x00000000ebe00000,0x00000000ebe00000)
  from space 2560K, 98% used [0x00000000ec300000,0x00000000ec578010,0x00000000ec580000)
  to   space 5120K, 0% used [0x00000000ebe00000,0x00000000ebe00000,0x00000000ec300000)
 ParOldGen       total 68608K, used 25377K [0x00000000c0000000, 0x00000000c4300000, 0x00000000eab00000)
  object space 68608K, 36% used [0x00000000c0000000,0x00000000c18c86d0,0x00000000c4300000)
 Metaspace       used 49588K, committed 50368K, reserved 1114112K
  class space    used 5384K, committed 5760K, reserved 1048576K
}
Event: 6.429 GC heap after
{Heap after GC invocations=21 (full 2):
 PSYoungGen      total 22016K, used 2336K [0x00000000eab00000, 0x00000000ec500000, 0x0000000100000000)
  eden space 19456K, 0% used [0x00000000eab00000,0x00000000eab00000,0x00000000ebe00000)
  from space 2560K, 91% used [0x00000000ebe00000,0x00000000ec048010,0x00000000ec080000)
  to   space 3584K, 0% used [0x00000000ec180000,0x00000000ec180000,0x00000000ec500000)
 ParOldGen       total 68608K, used 27929K [0x00000000c0000000, 0x00000000c4300000, 0x00000000eab00000)
  object space 68608K, 40% used [0x00000000c0000000,0x00000000c1b466e0,0x00000000c4300000)
 Metaspace       used 49588K, committed 50368K, reserved 1114112K
  class space    used 5384K, committed 5760K, reserved 1048576K
}
Event: 6.462 GC heap before
{Heap before GC invocations=22 (full 2):
 PSYoungGen      total 22016K, used 21792K [0x00000000eab00000, 0x00000000ec500000, 0x0000000100000000)
  eden space 19456K, 100% used [0x00000000eab00000,0x00000000ebe00000,0x00000000ebe00000)
  from space 2560K, 91% used [0x00000000ebe00000,0x00000000ec048010,0x00000000ec080000)
  to   space 3584K, 0% used [0x00000000ec180000,0x00000000ec180000,0x00000000ec500000)
 ParOldGen       total 68608K, used 27929K [0x00000000c0000000, 0x00000000c4300000, 0x00000000eab00000)
  object space 68608K, 40% used [0x00000000c0000000,0x00000000c1b466e0,0x00000000c4300000)
 Metaspace       used 49588K, committed 50368K, reserved 1114112K
  class space    used 5384K, committed 5760K, reserved 1048576K
}
Event: 6.465 GC heap after
{Heap after GC invocations=22 (full 2):
 PSYoungGen      total 21504K, used 1952K [0x00000000eab00000, 0x00000000ec380000, 0x0000000100000000)
  eden space 19456K, 0% used [0x00000000eab00000,0x00000000eab00000,0x00000000ebe00000)
  from space 2048K, 95% used [0x00000000ec180000,0x00000000ec368000,0x00000000ec380000)
  to   space 2560K, 0% used [0x00000000ebe80000,0x00000000ebe80000,0x00000000ec100000)
 ParOldGen       total 68608K, used 30185K [0x00000000c0000000, 0x00000000c4300000, 0x00000000eab00000)
  object space 68608K, 43% used [0x00000000c0000000,0x00000000c1d7a6f0,0x00000000c4300000)
 Metaspace       used 49588K, committed 50368K, reserved 1114112K
  class space    used 5384K, committed 5760K, reserved 1048576K
}
Event: 7.173 GC heap before
{Heap before GC invocations=23 (full 2):
 PSYoungGen      total 21504K, used 21408K [0x00000000eab00000, 0x00000000ec380000, 0x0000000100000000)
  eden space 19456K, 100% used [0x00000000eab00000,0x00000000ebe00000,0x00000000ebe00000)
  from space 2048K, 95% used [0x00000000ec180000,0x00000000ec368000,0x00000000ec380000)
  to   space 2560K, 0% used [0x00000000ebe80000,0x00000000ebe80000,0x00000000ec100000)
 ParOldGen       total 68608K, used 30185K [0x00000000c0000000, 0x00000000c4300000, 0x00000000eab00000)
  object space 68608K, 43% used [0x00000000c0000000,0x00000000c1d7a6f0,0x00000000c4300000)
 Metaspace       used 49900K, committed 50752K, reserved 1114112K
  class space    used 5397K, committed 5824K, reserved 1048576K
}
Event: 7.175 GC heap after
{Heap after GC invocations=23 (full 2):
 PSYoungGen      total 20992K, used 1440K [0x00000000eab00000, 0x00000000ec200000, 0x0000000100000000)
  eden space 19456K, 0% used [0x00000000eab00000,0x00000000eab00000,0x00000000ebe00000)
  from space 1536K, 93% used [0x00000000ebe80000,0x00000000ebfe8000,0x00000000ec000000)
  to   space 2048K, 0% used [0x00000000ec000000,0x00000000ec000000,0x00000000ec200000)
 ParOldGen       total 68608K, used 32004K [0x00000000c0000000, 0x00000000c4300000, 0x00000000eab00000)
  object space 68608K, 46% used [0x00000000c0000000,0x00000000c1f412c8,0x00000000c4300000)
 Metaspace       used 49900K, committed 50752K, reserved 1114112K
  class space    used 5397K, committed 5824K, reserved 1048576K
}
Event: 7.553 GC heap before
{Heap before GC invocations=24 (full 2):
 PSYoungGen      total 20992K, used 19232K [0x00000000eab00000, 0x00000000ec200000, 0x0000000100000000)
  eden space 19456K, 91% used [0x00000000eab00000,0x00000000ebc60370,0x00000000ebe00000)
  from space 1536K, 93% used [0x00000000ebe80000,0x00000000ebfe8000,0x00000000ec000000)
  to   space 2048K, 0% used [0x00000000ec000000,0x00000000ec000000,0x00000000ec200000)
 ParOldGen       total 68608K, used 32004K [0x00000000c0000000, 0x00000000c4300000, 0x00000000eab00000)
  object space 68608K, 46% used [0x00000000c0000000,0x00000000c1f412c8,0x00000000c4300000)
 Metaspace       used 51136K, committed 51968K, reserved 1114112K
  class space    used 5616K, committed 6016K, reserved 1048576K
}
Event: 7.555 GC heap after
{Heap after GC invocations=24 (full 2):
 PSYoungGen      total 18432K, used 2041K [0x00000000eab00000, 0x00000000ec800000, 0x0000000100000000)
  eden space 16384K, 0% used [0x00000000eab00000,0x00000000eab00000,0x00000000ebb00000)
  from space 2048K, 99% used [0x00000000ec000000,0x00000000ec1fe460,0x00000000ec200000)
  to   space 5120K, 0% used [0x00000000ebb00000,0x00000000ebb00000,0x00000000ec000000)
 ParOldGen       total 68608K, used 34508K [0x00000000c0000000, 0x00000000c4300000, 0x00000000eab00000)
  object space 68608K, 50% used [0x00000000c0000000,0x00000000c21b3270,0x00000000c4300000)
 Metaspace       used 51136K, committed 51968K, reserved 1114112K
  class space    used 5616K, committed 6016K, reserved 1048576K
}
Event: 7.787 GC heap before
{Heap before GC invocations=25 (full 2):
 PSYoungGen      total 18432K, used 18425K [0x00000000eab00000, 0x00000000ec800000, 0x0000000100000000)
  eden space 16384K, 100% used [0x00000000eab00000,0x00000000ebb00000,0x00000000ebb00000)
  from space 2048K, 99% used [0x00000000ec000000,0x00000000ec1fe460,0x00000000ec200000)
  to   space 5120K, 0% used [0x00000000ebb00000,0x00000000ebb00000,0x00000000ec000000)
 ParOldGen       total 68608K, used 34508K [0x00000000c0000000, 0x00000000c4300000, 0x00000000eab00000)
  object space 68608K, 50% used [0x00000000c0000000,0x00000000c21b3270,0x00000000c4300000)
 Metaspace       used 52322K, committed 53248K, reserved 1114112K
  class space    used 5839K, committed 6272K, reserved 1048576K
}
Event: 7.790 GC heap after
{Heap after GC invocations=25 (full 2):
 PSYoungGen      total 21504K, used 4758K [0x00000000eab00000, 0x00000000ec500000, 0x0000000100000000)
  eden space 16384K, 0% used [0x00000000eab00000,0x00000000eab00000,0x00000000ebb00000)
  from space 5120K, 92% used [0x00000000ebb00000,0x00000000ebfa5978,0x00000000ec000000)
  to   space 5120K, 0% used [0x00000000ec000000,0x00000000ec000000,0x00000000ec500000)
 ParOldGen       total 68608K, used 36564K [0x00000000c0000000, 0x00000000c4300000, 0x00000000eab00000)
  object space 68608K, 53% used [0x00000000c0000000,0x00000000c23b53b0,0x00000000c4300000)
 Metaspace       used 52322K, committed 53248K, reserved 1114112K
  class space    used 5839K, committed 6272K, reserved 1048576K
}
Event: 8.072 GC heap before
{Heap before GC invocations=26 (full 2):
 PSYoungGen      total 21504K, used 21142K [0x00000000eab00000, 0x00000000ec500000, 0x0000000100000000)
  eden space 16384K, 100% used [0x00000000eab00000,0x00000000ebb00000,0x00000000ebb00000)
  from space 5120K, 92% used [0x00000000ebb00000,0x00000000ebfa5978,0x00000000ec000000)
  to   space 5120K, 0% used [0x00000000ec000000,0x00000000ec000000,0x00000000ec500000)
 ParOldGen       total 68608K, used 36564K [0x00000000c0000000, 0x00000000c4300000, 0x00000000eab00000)
  object space 68608K, 53% used [0x00000000c0000000,0x00000000c23b53b0,0x00000000c4300000)
 Metaspace       used 53053K, committed 53888K, reserved 1114112K
  class space    used 5941K, committed 6336K, reserved 1048576K
}
Event: 8.074 GC heap after
{Heap after GC invocations=26 (full 2):
 PSYoungGen      total 17408K, used 576K [0x00000000eab00000, 0x00000000ec100000, 0x0000000100000000)
  eden space 16384K, 0% used [0x00000000eab00000,0x00000000eab00000,0x00000000ebb00000)
  from space 1024K, 56% used [0x00000000ec000000,0x00000000ec090000,0x00000000ec100000)
  to   space 2560K, 0% used [0x00000000ebc00000,0x00000000ebc00000,0x00000000ebe80000)
 ParOldGen       total 68608K, used 41174K [0x00000000c0000000, 0x00000000c4300000, 0x00000000eab00000)
  object space 68608K, 60% used [0x00000000c0000000,0x00000000c2835ad8,0x00000000c4300000)
 Metaspace       used 53053K, committed 53888K, reserved 1114112K
  class space    used 5941K, committed 6336K, reserved 1048576K
}
Event: 8.276 GC heap before
{Heap before GC invocations=27 (full 2):
 PSYoungGen      total 17408K, used 16960K [0x00000000eab00000, 0x00000000ec100000, 0x0000000100000000)
  eden space 16384K, 100% used [0x00000000eab00000,0x00000000ebb00000,0x00000000ebb00000)
  from space 1024K, 56% used [0x00000000ec000000,0x00000000ec090000,0x00000000ec100000)
  to   space 2560K, 0% used [0x00000000ebc00000,0x00000000ebc00000,0x00000000ebe80000)
 ParOldGen       total 68608K, used 41174K [0x00000000c0000000, 0x00000000c4300000, 0x00000000eab00000)
  object space 68608K, 60% used [0x00000000c0000000,0x00000000c2835ad8,0x00000000c4300000)
 Metaspace       used 53066K, committed 53888K, reserved 1114112K
  class space    used 5941K, committed 6336K, reserved 1048576K
}
Event: 8.277 GC heap after
{Heap after GC invocations=27 (full 2):
 PSYoungGen      total 18432K, used 2029K [0x00000000eab00000, 0x00000000ec080000, 0x0000000100000000)
  eden space 16384K, 0% used [0x00000000eab00000,0x00000000eab00000,0x00000000ebb00000)
  from space 2048K, 99% used [0x00000000ebc00000,0x00000000ebdfb4e8,0x00000000ebe00000)
  to   space 2560K, 0% used [0x00000000ebe00000,0x00000000ebe00000,0x00000000ec080000)
 ParOldGen       total 68608K, used 41631K [0x00000000c0000000, 0x00000000c4300000, 0x00000000eab00000)
  object space 68608K, 60% used [0x00000000c0000000,0x00000000c28a7e78,0x00000000c4300000)
 Metaspace       used 53066K, committed 53888K, reserved 1114112K
  class space    used 5941K, committed 6336K, reserved 1048576K
}
Event: 8.479 GC heap before
{Heap before GC invocations=28 (full 2):
 PSYoungGen      total 18432K, used 18413K [0x00000000eab00000, 0x00000000ec080000, 0x0000000100000000)
  eden space 16384K, 100% used [0x00000000eab00000,0x00000000ebb00000,0x00000000ebb00000)
  from space 2048K, 99% used [0x00000000ebc00000,0x00000000ebdfb4e8,0x00000000ebe00000)
  to   space 2560K, 0% used [0x00000000ebe00000,0x00000000ebe00000,0x00000000ec080000)
 ParOldGen       total 68608K, used 41631K [0x00000000c0000000, 0x00000000c4300000, 0x00000000eab00000)
  object space 68608K, 60% used [0x00000000c0000000,0x00000000c28a7e78,0x00000000c4300000)
 Metaspace       used 53691K, committed 54656K, reserved 1114112K
  class space    used 6082K, committed 6528K, reserved 1048576K
}
Event: 8.480 GC heap after
{Heap after GC invocations=28 (full 2):
 PSYoungGen      total 16896K, used 2539K [0x00000000eab00000, 0x00000000ec500000, 0x0000000100000000)
  eden space 14336K, 0% used [0x00000000eab00000,0x00000000eab00000,0x00000000eb900000)
  from space 2560K, 99% used [0x00000000ebe00000,0x00000000ec07ad80,0x00000000ec080000)
  to   space 5120K, 0% used [0x00000000eb900000,0x00000000eb900000,0x00000000ebe00000)
 ParOldGen       total 68608K, used 43605K [0x00000000c0000000, 0x00000000c4300000, 0x00000000eab00000)
  object space 68608K, 63% used [0x00000000c0000000,0x00000000c2a955a0,0x00000000c4300000)
 Metaspace       used 53691K, committed 54656K, reserved 1114112K
  class space    used 6082K, committed 6528K, reserved 1048576K
}
Event: 8.610 GC heap before
{Heap before GC invocations=29 (full 2):
 PSYoungGen      total 16896K, used 16875K [0x00000000eab00000, 0x00000000ec500000, 0x0000000100000000)
  eden space 14336K, 100% used [0x00000000eab00000,0x00000000eb900000,0x00000000eb900000)
  from space 2560K, 99% used [0x00000000ebe00000,0x00000000ec07ad80,0x00000000ec080000)
  to   space 5120K, 0% used [0x00000000eb900000,0x00000000eb900000,0x00000000ebe00000)
 ParOldGen       total 68608K, used 43605K [0x00000000c0000000, 0x00000000c4300000, 0x00000000eab00000)
  object space 68608K, 63% used [0x00000000c0000000,0x00000000c2a955a0,0x00000000c4300000)
 Metaspace       used 55338K, committed 56256K, reserved 1114112K
  class space    used 6360K, committed 6784K, reserved 1048576K
}
Event: 8.612 GC heap after
{Heap after GC invocations=29 (full 2):
 PSYoungGen      total 14848K, used 448K [0x00000000eab00000, 0x00000000ebe80000, 0x0000000100000000)
  eden space 14336K, 0% used [0x00000000eab00000,0x00000000eab00000,0x00000000eb900000)
  from space 512K, 87% used [0x00000000eb900000,0x00000000eb970000,0x00000000eb980000)
  to   space 2048K, 0% used [0x00000000ebc80000,0x00000000ebc80000,0x00000000ebe80000)
 ParOldGen       total 68608K, used 46029K [0x00000000c0000000, 0x00000000c4300000, 0x00000000eab00000)
  object space 68608K, 67% used [0x00000000c0000000,0x00000000c2cf34c8,0x00000000c4300000)
 Metaspace       used 55338K, committed 56256K, reserved 1114112K
  class space    used 6360K, committed 6784K, reserved 1048576K
}

